Performing C SOURCE FILE Test CMAKE_HAVE_LIBC_PTHREAD failed with the following output:
Change Dir: /home/andrew/Technopark/Cxx/cpp-hw-2-hw_processing/cmake-build-debug/CMakeFiles/CMakeTmp

Run Build Command(s):/usr/bin/make -f Makefile cmTC_c9ead/fast && /usr/bin/make  -f CMakeFiles/cmTC_c9ead.dir/build.make CMakeFiles/cmTC_c9ead.dir/build
make[1]: вход в каталог «/home/andrew/Technopark/Cxx/cpp-hw-2-hw_processing/cmake-build-debug/CMakeFiles/CMakeTmp»
Building C object CMakeFiles/cmTC_c9ead.dir/src.c.o
/usr/bin/cc -DCMAKE_HAVE_LIBC_PTHREAD  -g -O0 -Wall -Wno-unused -Werror -Wpedantic -fprofile-arcs -ftest-coverage  -o CMakeFiles/cmTC_c9ead.dir/src.c.o -c /home/andrew/Technopark/Cxx/cpp-hw-2-hw_processing/cmake-build-debug/CMakeFiles/CMakeTmp/src.c
Linking C executable cmTC_c9ead
/snap/clion/169/bin/cmake/linux/bin/cmake -E cmake_link_script CMakeFiles/cmTC_c9ead.dir/link.txt --verbose=1
/usr/bin/cc -g -O0 -Wall -Wno-unused -Werror -Wpedantic -fprofile-arcs -ftest-coverage  -fprofile-arcs -ftest-coverage  CMakeFiles/cmTC_c9ead.dir/src.c.o -o cmTC_c9ead 
/usr/bin/ld: CMakeFiles/cmTC_c9ead.dir/src.c.o: в функции «main»:
/home/andrew/Technopark/Cxx/cpp-hw-2-hw_processing/cmake-build-debug/CMakeFiles/CMakeTmp/src.c:11: неопределённая ссылка на «pthread_create»
/usr/bin/ld: /home/andrew/Technopark/Cxx/cpp-hw-2-hw_processing/cmake-build-debug/CMakeFiles/CMakeTmp/src.c:12: неопределённая ссылка на «pthread_detach»
/usr/bin/ld: /home/andrew/Technopark/Cxx/cpp-hw-2-hw_processing/cmake-build-debug/CMakeFiles/CMakeTmp/src.c:13: неопределённая ссылка на «pthread_cancel»
/usr/bin/ld: /home/andrew/Technopark/Cxx/cpp-hw-2-hw_processing/cmake-build-debug/CMakeFiles/CMakeTmp/src.c:14: неопределённая ссылка на «pthread_join»
collect2: error: ld returned 1 exit status
make[1]: *** [CMakeFiles/cmTC_c9ead.dir/build.make:99: cmTC_c9ead] Ошибка 1
make[1]: выход из каталога «/home/andrew/Technopark/Cxx/cpp-hw-2-hw_processing/cmake-build-debug/CMakeFiles/CMakeTmp»
make: *** [Makefile:127: cmTC_c9ead/fast] Ошибка 2


Source file was:
#include <pthread.h>

static void* test_func(void* data)
{
  return data;
}

int main(void)
{
  pthread_t thread;
  pthread_create(&thread, NULL, test_func, NULL);
  pthread_detach(thread);
  pthread_cancel(thread);
  pthread_join(thread, NULL);
  pthread_atfork(NULL, NULL, NULL);
  pthread_exit(NULL);

  return 0;
}

Determining if the function pthread_create exists in the pthreads failed with the following output:
Change Dir: /home/andrew/Technopark/Cxx/cpp-hw-2-hw_processing/cmake-build-debug/CMakeFiles/CMakeTmp

Run Build Command(s):/usr/bin/make -f Makefile cmTC_ca3d6/fast && /usr/bin/make  -f CMakeFiles/cmTC_ca3d6.dir/build.make CMakeFiles/cmTC_ca3d6.dir/build
make[1]: вход в каталог «/home/andrew/Technopark/Cxx/cpp-hw-2-hw_processing/cmake-build-debug/CMakeFiles/CMakeTmp»
Building C object CMakeFiles/cmTC_ca3d6.dir/CheckFunctionExists.c.o
/usr/bin/cc   -g -O0 -Wall -Wno-unused -Werror -Wpedantic -fprofile-arcs -ftest-coverage -DCHECK_FUNCTION_EXISTS=pthread_create -o CMakeFiles/cmTC_ca3d6.dir/CheckFunctionExists.c.o -c /snap/clion/169/bin/cmake/linux/share/cmake-3.20/Modules/CheckFunctionExists.c
Linking C executable cmTC_ca3d6
/snap/clion/169/bin/cmake/linux/bin/cmake -E cmake_link_script CMakeFiles/cmTC_ca3d6.dir/link.txt --verbose=1
/usr/bin/cc -g -O0 -Wall -Wno-unused -Werror -Wpedantic -fprofile-arcs -ftest-coverage -DCHECK_FUNCTION_EXISTS=pthread_create -fprofile-arcs -ftest-coverage  CMakeFiles/cmTC_ca3d6.dir/CheckFunctionExists.c.o -o cmTC_ca3d6  -lpthreads 
/usr/bin/ld: невозможно найти -lpthreads
collect2: error: ld returned 1 exit status
make[1]: *** [CMakeFiles/cmTC_ca3d6.dir/build.make:99: cmTC_ca3d6] Ошибка 1
make[1]: выход из каталога «/home/andrew/Technopark/Cxx/cpp-hw-2-hw_processing/cmake-build-debug/CMakeFiles/CMakeTmp»
make: *** [Makefile:127: cmTC_ca3d6/fast] Ошибка 2



