Performing C SOURCE FILE Test CMAKE_HAVE_LIBC_PTHREAD failed with the following output:
Change Dir: /home/andrew/Technopark/Cxx/HW2/cmake-build-debug/CMakeFiles/CMakeTmp

Run Build Command(s):/usr/bin/make -f Makefile cmTC_1164b/fast && /usr/bin/make  -f CMakeFiles/cmTC_1164b.dir/build.make CMakeFiles/cmTC_1164b.dir/build
make[1]: вход в каталог «/home/andrew/Technopark/Cxx/HW2/cmake-build-debug/CMakeFiles/CMakeTmp»
Building C object CMakeFiles/cmTC_1164b.dir/src.c.o
/usr/bin/cc -DCMAKE_HAVE_LIBC_PTHREAD  -g -O0 -Wall -Werror -Wpedantic -fprofile-arcs -ftest-coverage  -std=gnu11 -o CMakeFiles/cmTC_1164b.dir/src.c.o -c /home/andrew/Technopark/Cxx/HW2/cmake-build-debug/CMakeFiles/CMakeTmp/src.c
Linking C executable cmTC_1164b
/snap/clion/169/bin/cmake/linux/bin/cmake -E cmake_link_script CMakeFiles/cmTC_1164b.dir/link.txt --verbose=1
/usr/bin/cc -g -O0 -Wall -Werror -Wpedantic -fprofile-arcs -ftest-coverage  -fprofile-arcs -ftest-coverage  CMakeFiles/cmTC_1164b.dir/src.c.o -o cmTC_1164b 
/usr/bin/ld: CMakeFiles/cmTC_1164b.dir/src.c.o: в функции «main»:
/home/andrew/Technopark/Cxx/HW2/cmake-build-debug/CMakeFiles/CMakeTmp/src.c:11: неопределённая ссылка на «pthread_create»
/usr/bin/ld: /home/andrew/Technopark/Cxx/HW2/cmake-build-debug/CMakeFiles/CMakeTmp/src.c:12: неопределённая ссылка на «pthread_detach»
/usr/bin/ld: /home/andrew/Technopark/Cxx/HW2/cmake-build-debug/CMakeFiles/CMakeTmp/src.c:13: неопределённая ссылка на «pthread_cancel»
/usr/bin/ld: /home/andrew/Technopark/Cxx/HW2/cmake-build-debug/CMakeFiles/CMakeTmp/src.c:14: неопределённая ссылка на «pthread_join»
collect2: error: ld returned 1 exit status
make[1]: *** [CMakeFiles/cmTC_1164b.dir/build.make:99: cmTC_1164b] Ошибка 1
make[1]: выход из каталога «/home/andrew/Technopark/Cxx/HW2/cmake-build-debug/CMakeFiles/CMakeTmp»
make: *** [Makefile:127: cmTC_1164b/fast] Ошибка 2


Source file was:
#include <pthread.h>

static void* test_func(void* data)
{
  return data;
}

int main(void)
{
  pthread_t thread;
  pthread_create(&thread, NULL, test_func, NULL);
  pthread_detach(thread);
  pthread_cancel(thread);
  pthread_join(thread, NULL);
  pthread_atfork(NULL, NULL, NULL);
  pthread_exit(NULL);

  return 0;
}

Determining if the function pthread_create exists in the pthreads failed with the following output:
Change Dir: /home/andrew/Technopark/Cxx/HW2/cmake-build-debug/CMakeFiles/CMakeTmp

Run Build Command(s):/usr/bin/make -f Makefile cmTC_58e27/fast && /usr/bin/make  -f CMakeFiles/cmTC_58e27.dir/build.make CMakeFiles/cmTC_58e27.dir/build
make[1]: вход в каталог «/home/andrew/Technopark/Cxx/HW2/cmake-build-debug/CMakeFiles/CMakeTmp»
Building C object CMakeFiles/cmTC_58e27.dir/CheckFunctionExists.c.o
/usr/bin/cc   -g -O0 -Wall -Werror -Wpedantic -fprofile-arcs -ftest-coverage -DCHECK_FUNCTION_EXISTS=pthread_create -std=gnu11 -o CMakeFiles/cmTC_58e27.dir/CheckFunctionExists.c.o -c /snap/clion/169/bin/cmake/linux/share/cmake-3.20/Modules/CheckFunctionExists.c
Linking C executable cmTC_58e27
/snap/clion/169/bin/cmake/linux/bin/cmake -E cmake_link_script CMakeFiles/cmTC_58e27.dir/link.txt --verbose=1
/usr/bin/cc -g -O0 -Wall -Werror -Wpedantic -fprofile-arcs -ftest-coverage -DCHECK_FUNCTION_EXISTS=pthread_create -fprofile-arcs -ftest-coverage  CMakeFiles/cmTC_58e27.dir/CheckFunctionExists.c.o -o cmTC_58e27  -lpthreads 
/usr/bin/ld: невозможно найти -lpthreads
collect2: error: ld returned 1 exit status
make[1]: *** [CMakeFiles/cmTC_58e27.dir/build.make:99: cmTC_58e27] Ошибка 1
make[1]: выход из каталога «/home/andrew/Technopark/Cxx/HW2/cmake-build-debug/CMakeFiles/CMakeTmp»
make: *** [Makefile:127: cmTC_58e27/fast] Ошибка 2



